{"numFailedTestSuites":0,"numFailedTests":0,"numPassedTestSuites":2,"numPassedTests":5,"numPendingTestSuites":0,"numPendingTests":0,"numRuntimeErrorTestSuites":0,"numTodoTests":0,"numTotalTestSuites":2,"numTotalTests":5,"openHandles":[],"snapshot":{"added":0,"didUpdate":false,"failure":false,"filesAdded":0,"filesRemoved":0,"filesRemovedList":[],"filesUnmatched":0,"filesUpdated":0,"matched":0,"total":0,"unchecked":0,"uncheckedKeysByFile":[],"unmatched":0,"updated":0},"startTime":1756885455978,"success":true,"testResults":[{"assertionResults":[{"ancestorTitles":["LoginForm"],"failureMessages":[],"fullName":"LoginForm loginFormValidationTest - invalid credentials shows error","location":null,"status":"passed","title":"loginFormValidationTest - invalid credentials shows error"}],"endTime":1756885458812,"message":"","name":"/home/coder/project/workspace/question_generation_service/solutions/b1d7b228-6ccb-4c0d-9ccb-f335b84f00f6/reactapp/src/components/LoginForm.test.js","startTime":1756885456957,"status":"passed","summary":""},{"assertionResults":[{"ancestorTitles":["PlayerTable"],"failureMessages":[],"fullName":"PlayerTable playerTablePaginationTest - renders paginated table","location":null,"status":"passed","title":"playerTablePaginationTest - renders paginated table"},{"ancestorTitles":["PlayerTable"],"failureMessages":[],"fullName":"PlayerTable playerTableSortingTest - click sort header sorts by playerName","location":null,"status":"passed","title":"playerTableSortingTest - click sort header sorts by playerName"},{"ancestorTitles":["PlayerTable"],"failureMessages":[],"fullName":"PlayerTable playerTableFilterByRoleTest - selecting 'Bowler' filters players","location":null,"status":"passed","title":"playerTableFilterByRoleTest - selecting 'Bowler' filters players"},{"ancestorTitles":["PlayerTable"],"failureMessages":[],"fullName":"PlayerTable playerSearchTest - entering 'Virat' in search","location":null,"status":"passed","title":"playerSearchTest - entering 'Virat' in search"}],"endTime":1756885459039,"message":"","name":"/home/coder/project/workspace/question_generation_service/solutions/b1d7b228-6ccb-4c0d-9ccb-f335b84f00f6/reactapp/src/components/PlayerTable.test.js","startTime":1756885456939,"status":"passed","summary":""}],"wasInterrupted":false,"coverageMap":{"/home/coder/project/workspace/question_generation_service/solutions/b1d7b228-6ccb-4c0d-9ccb-f335b84f00f6/reactapp/src/components/LoginForm.js":{"path":"/home/coder/project/workspace/question_generation_service/solutions/b1d7b228-6ccb-4c0d-9ccb-f335b84f00f6/reactapp/src/components/LoginForm.js","statementMap":{"0":{"start":{"line":4,"column":18},"end":{"line":65,"column":1}},"1":{"start":{"line":5,"column":34},"end":{"line":5,"column":46}},"2":{"start":{"line":6,"column":34},"end":{"line":6,"column":46}},"3":{"start":{"line":7,"column":28},"end":{"line":7,"column":40}},"4":{"start":{"line":8,"column":32},"end":{"line":8,"column":47}},"5":{"start":{"line":10,"column":23},"end":{"line":34,"column":3}},"6":{"start":{"line":11,"column":4},"end":{"line":11,"column":23}},"7":{"start":{"line":12,"column":4},"end":{"line":12,"column":17}},"8":{"start":{"line":13,"column":4},"end":{"line":13,"column":21}},"9":{"start":{"line":14,"column":4},"end":{"line":33,"column":5}},"10":{"start":{"line":15,"column":18},"end":{"line":19,"column":8}},"11":{"start":{"line":20,"column":19},"end":{"line":20,"column":35}},"12":{"start":{"line":21,"column":6},"end":{"line":28,"column":7}},"13":{"start":{"line":22,"column":8},"end":{"line":22,"column":24}},"14":{"start":{"line":23,"column":8},"end":{"line":23,"column":24}},"15":{"start":{"line":24,"column":8},"end":{"line":24,"column":21}},"16":{"start":{"line":25,"column":8},"end":{"line":25,"column":29}},"17":{"start":{"line":27,"column":8},"end":{"line":27,"column":54}},"18":{"start":{"line":30,"column":6},"end":{"line":30,"column":32}},"19":{"start":{"line":32,"column":6},"end":{"line":32,"column":24}},"20":{"start":{"line":36,"column":2},"end":{"line":64,"column":4}},"21":{"start":{"line":46,"column":27},"end":{"line":46,"column":54}},"22":{"start":{"line":55,"column":27},"end":{"line":55,"column":54}}},"fnMap":{"0":{"name":"(anonymous_0)","decl":{"start":{"line":4,"column":18},"end":{"line":4,"column":19}},"loc":{"start":{"line":4,"column":35},"end":{"line":65,"column":1}},"line":4},"1":{"name":"(anonymous_1)","decl":{"start":{"line":10,"column":23},"end":{"line":10,"column":24}},"loc":{"start":{"line":10,"column":36},"end":{"line":34,"column":3}},"line":10},"2":{"name":"(anonymous_2)","decl":{"start":{"line":46,"column":20},"end":{"line":46,"column":21}},"loc":{"start":{"line":46,"column":27},"end":{"line":46,"column":54}},"line":46},"3":{"name":"(anonymous_3)","decl":{"start":{"line":55,"column":20},"end":{"line":55,"column":21}},"loc":{"start":{"line":55,"column":27},"end":{"line":55,"column":54}},"line":55}},"branchMap":{"0":{"loc":{"start":{"line":21,"column":6},"end":{"line":28,"column":7}},"type":"if","locations":[{"start":{"line":21,"column":6},"end":{"line":28,"column":7}},{"start":{"line":26,"column":13},"end":{"line":28,"column":7}}],"line":21},"1":{"loc":{"start":{"line":25,"column":8},"end":{"line":25,"column":28}},"type":"binary-expr","locations":[{"start":{"line":25,"column":8},"end":{"line":25,"column":15}},{"start":{"line":25,"column":19},"end":{"line":25,"column":28}}],"line":25},"2":{"loc":{"start":{"line":27,"column":17},"end":{"line":27,"column":52}},"type":"binary-expr","locations":[{"start":{"line":27,"column":17},"end":{"line":27,"column":27}},{"start":{"line":27,"column":31},"end":{"line":27,"column":52}}],"line":27},"3":{"loc":{"start":{"line":58,"column":9},"end":{"line":58,"column":79}},"type":"binary-expr","locations":[{"start":{"line":58,"column":9},"end":{"line":58,"column":14}},{"start":{"line":58,"column":18},"end":{"line":58,"column":79}}],"line":58},"4":{"loc":{"start":{"line":60,"column":11},"end":{"line":60,"column":46}},"type":"cond-expr","locations":[{"start":{"line":60,"column":21},"end":{"line":60,"column":36}},{"start":{"line":60,"column":39},"end":{"line":60,"column":46}}],"line":60}},"s":{"0":1,"1":5,"2":5,"3":5,"4":5,"5":5,"6":1,"7":1,"8":1,"9":1,"10":1,"11":1,"12":1,"13":0,"14":0,"15":0,"16":0,"17":1,"18":0,"19":1,"20":5,"21":1,"22":1},"f":{"0":5,"1":1,"2":1,"3":1},"b":{"0":[0,1],"1":[0,0],"2":[1,0],"3":[5,1],"4":[1,4]},"_coverageSchema":"1a1c01bbd47fc00a2c39e90264f33305004495a9","hash":"c8d628ad4b639a0785f64f5b9206fa68d514c3c4"},"/home/coder/project/workspace/question_generation_service/solutions/b1d7b228-6ccb-4c0d-9ccb-f335b84f00f6/reactapp/src/components/PlayerTable.js":{"path":"/home/coder/project/workspace/question_generation_service/solutions/b1d7b228-6ccb-4c0d-9ccb-f335b84f00f6/reactapp/src/components/PlayerTable.js","statementMap":{"0":{"start":{"line":4,"column":21},"end":{"line":9,"column":1}},"1":{"start":{"line":11,"column":21},"end":{"line":11,"column":78}},"2":{"start":{"line":14,"column":32},"end":{"line":14,"column":44}},"3":{"start":{"line":15,"column":26},"end":{"line":15,"column":48}},"4":{"start":{"line":16,"column":30},"end":{"line":16,"column":44}},"5":{"start":{"line":17,"column":28},"end":{"line":17,"column":40}},"6":{"start":{"line":18,"column":32},"end":{"line":18,"column":47}},"7":{"start":{"line":21,"column":26},"end":{"line":21,"column":37}},"8":{"start":{"line":22,"column":26},"end":{"line":22,"column":38}},"9":{"start":{"line":23,"column":38},"end":{"line":23,"column":49}},"10":{"start":{"line":24,"column":30},"end":{"line":24,"column":50}},"11":{"start":{"line":25,"column":38},"end":{"line":25,"column":50}},"12":{"start":{"line":26,"column":30},"end":{"line":26,"column":42}},"13":{"start":{"line":29,"column":4},"end":{"line":29,"column":21}},"14":{"start":{"line":30,"column":14},"end":{"line":30,"column":71}},"15":{"start":{"line":31,"column":4},"end":{"line":31,"column":43}},"16":{"start":{"line":31,"column":16},"end":{"line":31,"column":43}},"17":{"start":{"line":32,"column":4},"end":{"line":32,"column":69}},"18":{"start":{"line":32,"column":20},"end":{"line":32,"column":69}},"19":{"start":{"line":33,"column":4},"end":{"line":33,"column":63}},"20":{"start":{"line":33,"column":16},"end":{"line":33,"column":63}},"21":{"start":{"line":34,"column":4},"end":{"line":41,"column":40}},"22":{"start":{"line":35,"column":17},"end":{"line":35,"column":25}},"23":{"start":{"line":37,"column":8},"end":{"line":37,"column":36}},"24":{"start":{"line":38,"column":8},"end":{"line":38,"column":41}},"25":{"start":{"line":40,"column":19},"end":{"line":40,"column":33}},"26":{"start":{"line":41,"column":21},"end":{"line":41,"column":38}},"27":{"start":{"line":44,"column":2},"end":{"line":47,"column":47}},"28":{"start":{"line":45,"column":4},"end":{"line":45,"column":19}},"29":{"start":{"line":49,"column":23},"end":{"line":51,"column":3}},"30":{"start":{"line":50,"column":4},"end":{"line":50,"column":58}},"31":{"start":{"line":54,"column":4},"end":{"line":54,"column":61}},"32":{"start":{"line":54,"column":28},"end":{"line":54,"column":61}},"33":{"start":{"line":55,"column":4},"end":{"line":55,"column":128}},"34":{"start":{"line":55,"column":71},"end":{"line":55,"column":128}},"35":{"start":{"line":56,"column":4},"end":{"line":56,"column":46}},"36":{"start":{"line":56,"column":21},"end":{"line":56,"column":46}},"37":{"start":{"line":57,"column":4},"end":{"line":57,"column":85}},"38":{"start":{"line":57,"column":46},"end":{"line":57,"column":85}},"39":{"start":{"line":58,"column":4},"end":{"line":58,"column":86}},"40":{"start":{"line":58,"column":61},"end":{"line":58,"column":86}},"41":{"start":{"line":59,"column":4},"end":{"line":59,"column":54}},"42":{"start":{"line":59,"column":25},"end":{"line":59,"column":54}},"43":{"start":{"line":60,"column":4},"end":{"line":60,"column":118}},"44":{"start":{"line":60,"column":65},"end":{"line":60,"column":118}},"45":{"start":{"line":61,"column":4},"end":{"line":61,"column":14}},"46":{"start":{"line":64,"column":23},"end":{"line":85,"column":3}},"47":{"start":{"line":65,"column":4},"end":{"line":65,"column":23}},"48":{"start":{"line":66,"column":4},"end":{"line":66,"column":17}},"49":{"start":{"line":67,"column":14},"end":{"line":67,"column":34}},"50":{"start":{"line":68,"column":4},"end":{"line":68,"column":30}},"51":{"start":{"line":68,"column":11},"end":{"line":68,"column":30}},"52":{"start":{"line":69,"column":19},"end":{"line":69,"column":42}},"53":{"start":{"line":70,"column":16},"end":{"line":70,"column":100}},"54":{"start":{"line":71,"column":4},"end":{"line":84,"column":46}},"55":{"start":{"line":77,"column":18},"end":{"line":77,"column":32}},"56":{"start":{"line":78,"column":8},"end":{"line":82,"column":55}},"57":{"start":{"line":79,"column":10},"end":{"line":79,"column":32}},"58":{"start":{"line":80,"column":10},"end":{"line":80,"column":26}},"59":{"start":{"line":81,"column":10},"end":{"line":81,"column":25}},"60":{"start":{"line":82,"column":15},"end":{"line":82,"column":55}},"61":{"start":{"line":84,"column":19},"end":{"line":84,"column":44}},"62":{"start":{"line":87,"column":21},"end":{"line":96,"column":3}},"63":{"start":{"line":88,"column":4},"end":{"line":93,"column":7}},"64":{"start":{"line":94,"column":4},"end":{"line":94,"column":31}},"65":{"start":{"line":95,"column":4},"end":{"line":95,"column":17}},"66":{"start":{"line":97,"column":23},"end":{"line":105,"column":3}},"67":{"start":{"line":98,"column":4},"end":{"line":98,"column":50}},"68":{"start":{"line":98,"column":43},"end":{"line":98,"column":50}},"69":{"start":{"line":99,"column":4},"end":{"line":104,"column":46}},"70":{"start":{"line":101,"column":8},"end":{"line":102,"column":39}},"71":{"start":{"line":101,"column":30},"end":{"line":101,"column":45}},"72":{"start":{"line":102,"column":13},"end":{"line":102,"column":39}},"73":{"start":{"line":104,"column":19},"end":{"line":104,"column":44}},"74":{"start":{"line":107,"column":2},"end":{"line":203,"column":4}},"75":{"start":{"line":124,"column":39},"end":{"line":124,"column":67}},"76":{"start":{"line":133,"column":116},"end":{"line":133,"column":138}},"77":{"start":{"line":133,"column":139},"end":{"line":133,"column":155}},"78":{"start":{"line":142,"column":70},"end":{"line":142,"column":100}},"79":{"start":{"line":142,"column":101},"end":{"line":142,"column":112}},"80":{"start":{"line":144,"column":35},"end":{"line":144,"column":63}},"81":{"start":{"line":149,"column":61},"end":{"line":149,"column":87}},"82":{"start":{"line":149,"column":88},"end":{"line":149,"column":99}},"83":{"start":{"line":156,"column":63},"end":{"line":156,"column":86}},"84":{"start":{"line":157,"column":63},"end":{"line":157,"column":79}},"85":{"start":{"line":158,"column":63},"end":{"line":158,"column":80}},"86":{"start":{"line":159,"column":63},"end":{"line":159,"column":83}},"87":{"start":{"line":170,"column":16},"end":{"line":183,"column":21}},"88":{"start":{"line":176,"column":96},"end":{"line":176,"column":109}},"89":{"start":{"line":179,"column":67},"end":{"line":179,"column":91}},"90":{"start":{"line":191,"column":59},"end":{"line":191,"column":76}},"91":{"start":{"line":193,"column":59},"end":{"line":193,"column":76}},"92":{"start":{"line":197,"column":58},"end":{"line":197,"column":90}},"93":{"start":{"line":197,"column":91},"end":{"line":197,"column":102}},"94":{"start":{"line":198,"column":34},"end":{"line":198,"column":72}}},"fnMap":{"0":{"name":"PlayerTable","decl":{"start":{"line":13,"column":9},"end":{"line":13,"column":20}},"loc":{"start":{"line":13,"column":23},"end":{"line":204,"column":1}},"line":13},"1":{"name":"fetchPlayers","decl":{"start":{"line":28,"column":11},"end":{"line":28,"column":23}},"loc":{"start":{"line":28,"column":26},"end":{"line":42,"column":3}},"line":28},"2":{"name":"(anonymous_2)","decl":{"start":{"line":35,"column":12},"end":{"line":35,"column":13}},"loc":{"start":{"line":35,"column":17},"end":{"line":35,"column":25}},"line":35},"3":{"name":"(anonymous_3)","decl":{"start":{"line":36,"column":12},"end":{"line":36,"column":13}},"loc":{"start":{"line":36,"column":17},"end":{"line":39,"column":7}},"line":36},"4":{"name":"(anonymous_4)","decl":{"start":{"line":40,"column":13},"end":{"line":40,"column":14}},"loc":{"start":{"line":40,"column":19},"end":{"line":40,"column":33}},"line":40},"5":{"name":"(anonymous_5)","decl":{"start":{"line":41,"column":15},"end":{"line":41,"column":16}},"loc":{"start":{"line":41,"column":21},"end":{"line":41,"column":38}},"line":41},"6":{"name":"(anonymous_6)","decl":{"start":{"line":44,"column":12},"end":{"line":44,"column":13}},"loc":{"start":{"line":44,"column":18},"end":{"line":47,"column":3}},"line":44},"7":{"name":"(anonymous_7)","decl":{"start":{"line":49,"column":23},"end":{"line":49,"column":24}},"loc":{"start":{"line":49,"column":30},"end":{"line":51,"column":3}},"line":49},"8":{"name":"validatePlayer","decl":{"start":{"line":53,"column":11},"end":{"line":53,"column":25}},"loc":{"start":{"line":53,"column":34},"end":{"line":62,"column":3}},"line":53},"9":{"name":"(anonymous_9)","decl":{"start":{"line":64,"column":23},"end":{"line":64,"column":24}},"loc":{"start":{"line":64,"column":30},"end":{"line":85,"column":3}},"line":64},"10":{"name":"(anonymous_10)","decl":{"start":{"line":76,"column":12},"end":{"line":76,"column":13}},"loc":{"start":{"line":76,"column":25},"end":{"line":83,"column":7}},"line":76},"11":{"name":"(anonymous_11)","decl":{"start":{"line":84,"column":13},"end":{"line":84,"column":14}},"loc":{"start":{"line":84,"column":19},"end":{"line":84,"column":44}},"line":84},"12":{"name":"(anonymous_12)","decl":{"start":{"line":87,"column":21},"end":{"line":87,"column":22}},"loc":{"start":{"line":87,"column":33},"end":{"line":96,"column":3}},"line":87},"13":{"name":"(anonymous_13)","decl":{"start":{"line":97,"column":23},"end":{"line":97,"column":24}},"loc":{"start":{"line":97,"column":37},"end":{"line":105,"column":3}},"line":97},"14":{"name":"(anonymous_14)","decl":{"start":{"line":100,"column":12},"end":{"line":100,"column":13}},"loc":{"start":{"line":100,"column":17},"end":{"line":103,"column":7}},"line":100},"15":{"name":"(anonymous_15)","decl":{"start":{"line":104,"column":13},"end":{"line":104,"column":14}},"loc":{"start":{"line":104,"column":19},"end":{"line":104,"column":44}},"line":104},"16":{"name":"(anonymous_16)","decl":{"start":{"line":124,"column":34},"end":{"line":124,"column":35}},"loc":{"start":{"line":124,"column":39},"end":{"line":124,"column":67}},"line":124},"17":{"name":"(anonymous_17)","decl":{"start":{"line":133,"column":108},"end":{"line":133,"column":109}},"loc":{"start":{"line":133,"column":114},"end":{"line":133,"column":157}},"line":133},"18":{"name":"(anonymous_18)","decl":{"start":{"line":142,"column":63},"end":{"line":142,"column":64}},"loc":{"start":{"line":142,"column":68},"end":{"line":142,"column":114}},"line":142},"19":{"name":"(anonymous_19)","decl":{"start":{"line":144,"column":30},"end":{"line":144,"column":31}},"loc":{"start":{"line":144,"column":35},"end":{"line":144,"column":63}},"line":144},"20":{"name":"(anonymous_20)","decl":{"start":{"line":149,"column":54},"end":{"line":149,"column":55}},"loc":{"start":{"line":149,"column":59},"end":{"line":149,"column":101}},"line":149},"21":{"name":"(anonymous_21)","decl":{"start":{"line":156,"column":57},"end":{"line":156,"column":58}},"loc":{"start":{"line":156,"column":63},"end":{"line":156,"column":86}},"line":156},"22":{"name":"(anonymous_22)","decl":{"start":{"line":157,"column":57},"end":{"line":157,"column":58}},"loc":{"start":{"line":157,"column":63},"end":{"line":157,"column":79}},"line":157},"23":{"name":"(anonymous_23)","decl":{"start":{"line":158,"column":57},"end":{"line":158,"column":58}},"loc":{"start":{"line":158,"column":63},"end":{"line":158,"column":80}},"line":158},"24":{"name":"(anonymous_24)","decl":{"start":{"line":159,"column":57},"end":{"line":159,"column":58}},"loc":{"start":{"line":159,"column":63},"end":{"line":159,"column":83}},"line":159},"25":{"name":"(anonymous_25)","decl":{"start":{"line":169,"column":26},"end":{"line":169,"column":27}},"loc":{"start":{"line":170,"column":16},"end":{"line":183,"column":21}},"line":170},"26":{"name":"(anonymous_26)","decl":{"start":{"line":176,"column":90},"end":{"line":176,"column":91}},"loc":{"start":{"line":176,"column":96},"end":{"line":176,"column":109}},"line":176},"27":{"name":"(anonymous_27)","decl":{"start":{"line":179,"column":61},"end":{"line":179,"column":62}},"loc":{"start":{"line":179,"column":67},"end":{"line":179,"column":91}},"line":179},"28":{"name":"(anonymous_28)","decl":{"start":{"line":191,"column":53},"end":{"line":191,"column":54}},"loc":{"start":{"line":191,"column":59},"end":{"line":191,"column":76}},"line":191},"29":{"name":"(anonymous_29)","decl":{"start":{"line":193,"column":53},"end":{"line":193,"column":54}},"loc":{"start":{"line":193,"column":59},"end":{"line":193,"column":76}},"line":193},"30":{"name":"(anonymous_30)","decl":{"start":{"line":197,"column":51},"end":{"line":197,"column":52}},"loc":{"start":{"line":197,"column":56},"end":{"line":197,"column":104}},"line":197},"31":{"name":"(anonymous_31)","decl":{"start":{"line":198,"column":29},"end":{"line":198,"column":30}},"loc":{"start":{"line":198,"column":34},"end":{"line":198,"column":72}},"line":198}},"branchMap":{"0":{"loc":{"start":{"line":31,"column":4},"end":{"line":31,"column":43}},"type":"if","locations":[{"start":{"line":31,"column":4},"end":{"line":31,"column":43}},{"start":{},"end":{}}],"line":31},"1":{"loc":{"start":{"line":32,"column":4},"end":{"line":32,"column":69}},"type":"if","locations":[{"start":{"line":32,"column":4},"end":{"line":32,"column":69}},{"start":{},"end":{}}],"line":32},"2":{"loc":{"start":{"line":33,"column":4},"end":{"line":33,"column":63}},"type":"if","locations":[{"start":{"line":33,"column":4},"end":{"line":33,"column":63}},{"start":{},"end":{}}],"line":33},"3":{"loc":{"start":{"line":37,"column":19},"end":{"line":37,"column":34}},"type":"binary-expr","locations":[{"start":{"line":37,"column":19},"end":{"line":37,"column":28}},{"start":{"line":37,"column":32},"end":{"line":37,"column":34}}],"line":37},"4":{"loc":{"start":{"line":38,"column":22},"end":{"line":38,"column":39}},"type":"binary-expr","locations":[{"start":{"line":38,"column":22},"end":{"line":38,"column":34}},{"start":{"line":38,"column":38},"end":{"line":38,"column":39}}],"line":38},"5":{"loc":{"start":{"line":54,"column":4},"end":{"line":54,"column":61}},"type":"if","locations":[{"start":{"line":54,"column":4},"end":{"line":54,"column":61}},{"start":{},"end":{}}],"line":54},"6":{"loc":{"start":{"line":55,"column":4},"end":{"line":55,"column":128}},"type":"if","locations":[{"start":{"line":55,"column":4},"end":{"line":55,"column":128}},{"start":{},"end":{}}],"line":55},"7":{"loc":{"start":{"line":55,"column":8},"end":{"line":55,"column":69}},"type":"binary-expr","locations":[{"start":{"line":55,"column":8},"end":{"line":55,"column":36}},{"start":{"line":55,"column":40},"end":{"line":55,"column":69}}],"line":55},"8":{"loc":{"start":{"line":56,"column":4},"end":{"line":56,"column":46}},"type":"if","locations":[{"start":{"line":56,"column":4},"end":{"line":56,"column":46}},{"start":{},"end":{}}],"line":56},"9":{"loc":{"start":{"line":57,"column":4},"end":{"line":57,"column":85}},"type":"if","locations":[{"start":{"line":57,"column":4},"end":{"line":57,"column":85}},{"start":{},"end":{}}],"line":57},"10":{"loc":{"start":{"line":57,"column":8},"end":{"line":57,"column":44}},"type":"binary-expr","locations":[{"start":{"line":57,"column":8},"end":{"line":57,"column":24}},{"start":{"line":57,"column":28},"end":{"line":57,"column":44}}],"line":57},"11":{"loc":{"start":{"line":58,"column":4},"end":{"line":58,"column":86}},"type":"if","locations":[{"start":{"line":58,"column":4},"end":{"line":58,"column":86}},{"start":{},"end":{}}],"line":58},"12":{"loc":{"start":{"line":58,"column":8},"end":{"line":58,"column":59}},"type":"binary-expr","locations":[{"start":{"line":58,"column":8},"end":{"line":58,"column":20}},{"start":{"line":58,"column":24},"end":{"line":58,"column":59}}],"line":58},"13":{"loc":{"start":{"line":59,"column":4},"end":{"line":59,"column":54}},"type":"if","locations":[{"start":{"line":59,"column":4},"end":{"line":59,"column":54}},{"start":{},"end":{}}],"line":59},"14":{"loc":{"start":{"line":60,"column":4},"end":{"line":60,"column":118}},"type":"if","locations":[{"start":{"line":60,"column":4},"end":{"line":60,"column":118}},{"start":{},"end":{}}],"line":60},"15":{"loc":{"start":{"line":60,"column":8},"end":{"line":60,"column":63}},"type":"binary-expr","locations":[{"start":{"line":60,"column":8},"end":{"line":60,"column":33}},{"start":{"line":60,"column":37},"end":{"line":60,"column":63}}],"line":60},"16":{"loc":{"start":{"line":68,"column":4},"end":{"line":68,"column":30}},"type":"if","locations":[{"start":{"line":68,"column":4},"end":{"line":68,"column":30}},{"start":{},"end":{}}],"line":68},"17":{"loc":{"start":{"line":69,"column":19},"end":{"line":69,"column":42}},"type":"cond-expr","locations":[{"start":{"line":69,"column":28},"end":{"line":69,"column":33}},{"start":{"line":69,"column":36},"end":{"line":69,"column":42}}],"line":69},"18":{"loc":{"start":{"line":70,"column":16},"end":{"line":70,"column":100}},"type":"cond-expr","locations":[{"start":{"line":70,"column":25},"end":{"line":70,"column":66}},{"start":{"line":70,"column":69},"end":{"line":70,"column":100}}],"line":70},"19":{"loc":{"start":{"line":78,"column":8},"end":{"line":82,"column":55}},"type":"if","locations":[{"start":{"line":78,"column":8},"end":{"line":82,"column":55}},{"start":{"line":82,"column":15},"end":{"line":82,"column":55}}],"line":78},"20":{"loc":{"start":{"line":82,"column":24},"end":{"line":82,"column":53}},"type":"binary-expr","locations":[{"start":{"line":82,"column":24},"end":{"line":82,"column":31}},{"start":{"line":82,"column":35},"end":{"line":82,"column":53}}],"line":82},"21":{"loc":{"start":{"line":98,"column":4},"end":{"line":98,"column":50}},"type":"if","locations":[{"start":{"line":98,"column":4},"end":{"line":98,"column":50}},{"start":{},"end":{}}],"line":98},"22":{"loc":{"start":{"line":101,"column":8},"end":{"line":102,"column":39}},"type":"if","locations":[{"start":{"line":101,"column":8},"end":{"line":102,"column":39}},{"start":{"line":102,"column":13},"end":{"line":102,"column":39}}],"line":101},"23":{"loc":{"start":{"line":132,"column":61},"end":{"line":132,"column":86}},"type":"cond-expr","locations":[{"start":{"line":132,"column":70},"end":{"line":132,"column":78}},{"start":{"line":132,"column":81},"end":{"line":132,"column":86}}],"line":132},"24":{"loc":{"start":{"line":133,"column":15},"end":{"line":133,"column":174}},"type":"binary-expr","locations":[{"start":{"line":133,"column":15},"end":{"line":133,"column":21}},{"start":{"line":133,"column":25},"end":{"line":133,"column":174}}],"line":133},"25":{"loc":{"start":{"line":136,"column":11},"end":{"line":136,"column":82}},"type":"binary-expr","locations":[{"start":{"line":136,"column":11},"end":{"line":136,"column":16}},{"start":{"line":136,"column":20},"end":{"line":136,"column":82}}],"line":136},"26":{"loc":{"start":{"line":164,"column":13},"end":{"line":185,"column":13}},"type":"cond-expr","locations":[{"start":{"line":165,"column":14},"end":{"line":165,"column":78}},{"start":{"line":166,"column":16},"end":{"line":185,"column":13}}],"line":164},"27":{"loc":{"start":{"line":166,"column":16},"end":{"line":185,"column":13}},"type":"cond-expr","locations":[{"start":{"line":167,"column":14},"end":{"line":167,"column":85}},{"start":{"line":169,"column":14},"end":{"line":184,"column":16}}],"line":166},"28":{"loc":{"start":{"line":170,"column":25},"end":{"line":170,"column":40}},"type":"binary-expr","locations":[{"start":{"line":170,"column":25},"end":{"line":170,"column":35}},{"start":{"line":170,"column":39},"end":{"line":170,"column":40}}],"line":170}},"s":{"0":1,"1":1,"2":17,"3":16,"4":16,"5":16,"6":16,"7":16,"8":16,"9":16,"10":16,"11":16,"12":16,"13":7,"14":7,"15":7,"16":7,"17":7,"18":1,"19":7,"20":1,"21":7,"22":7,"23":7,"24":7,"25":0,"26":7,"27":16,"28":7,"29":16,"30":0,"31":0,"32":0,"33":0,"34":0,"35":0,"36":0,"37":0,"38":0,"39":0,"40":0,"41":0,"42":0,"43":0,"44":0,"45":0,"46":16,"47":0,"48":0,"49":0,"50":0,"51":0,"52":0,"53":0,"54":0,"55":0,"56":0,"57":0,"58":0,"59":0,"60":0,"61":0,"62":16,"63":0,"64":0,"65":0,"66":16,"67":0,"68":0,"69":0,"70":0,"71":0,"72":0,"73":0,"74":16,"75":64,"76":0,"77":0,"78":1,"79":1,"80":64,"81":1,"82":1,"83":1,"84":0,"85":0,"86":0,"87":6,"88":0,"89":0,"90":0,"91":0,"92":0,"93":0,"94":48},"f":{"0":17,"1":7,"2":7,"3":7,"4":0,"5":7,"6":7,"7":0,"8":0,"9":0,"10":0,"11":0,"12":0,"13":0,"14":0,"15":0,"16":64,"17":0,"18":1,"19":64,"20":1,"21":1,"22":0,"23":0,"24":0,"25":6,"26":0,"27":0,"28":0,"29":0,"30":0,"31":48},"b":{"0":[7,0],"1":[1,6],"2":[1,6],"3":[7,0],"4":[7,0],"5":[0,0],"6":[0,0],"7":[0,0],"8":[0,0],"9":[0,0],"10":[0,0],"11":[0,0],"12":[0,0],"13":[0,0],"14":[0,0],"15":[0,0],"16":[0,0],"17":[0,0],"18":[0,0],"19":[0,0],"20":[0,0],"21":[0,0],"22":[0,0],"23":[0,16],"24":[16,0],"25":[16,0],"26":[9,7],"27":[4,3],"28":[6,0]},"_coverageSchema":"1a1c01bbd47fc00a2c39e90264f33305004495a9","hash":"a11451b9cb2961874e6c323f0181b237c0703caa"},"/home/coder/project/workspace/question_generation_service/solutions/b1d7b228-6ccb-4c0d-9ccb-f335b84f00f6/reactapp/src/index.js":{"path":"/home/coder/project/workspace/question_generation_service/solutions/b1d7b228-6ccb-4c0d-9ccb-f335b84f00f6/reactapp/src/index.js","statementMap":{"0":{"start":{"line":7,"column":13},"end":{"line":7,"column":65}},"1":{"start":{"line":8,"column":0},"end":{"line":12,"column":2}},"2":{"start":{"line":17,"column":0},"end":{"line":17,"column":18}}},"fnMap":{},"branchMap":{},"s":{"0":0,"1":0,"2":0},"f":{},"b":{}},"/home/coder/project/workspace/question_generation_service/solutions/b1d7b228-6ccb-4c0d-9ccb-f335b84f00f6/reactapp/src/utils/constants.js":{"path":"/home/coder/project/workspace/question_generation_service/solutions/b1d7b228-6ccb-4c0d-9ccb-f335b84f00f6/reactapp/src/utils/constants.js","statementMap":{"0":{"start":{"line":1,"column":28},"end":{"line":1,"column":80}}},"fnMap":{},"branchMap":{},"s":{"0":0},"f":{},"b":{}},"/home/coder/project/workspace/question_generation_service/solutions/b1d7b228-6ccb-4c0d-9ccb-f335b84f00f6/reactapp/src/App.js":{"path":"/home/coder/project/workspace/question_generation_service/solutions/b1d7b228-6ccb-4c0d-9ccb-f335b84f00f6/reactapp/src/App.js","statementMap":{"0":{"start":{"line":7,"column":46},"end":{"line":7,"column":61}},"1":{"start":{"line":8,"column":2},"end":{"line":18,"column":4}},"2":{"start":{"line":11,"column":34},"end":{"line":11,"column":56}}},"fnMap":{"0":{"name":"App","decl":{"start":{"line":6,"column":9},"end":{"line":6,"column":12}},"loc":{"start":{"line":6,"column":15},"end":{"line":19,"column":1}},"line":6},"1":{"name":"(anonymous_1)","decl":{"start":{"line":11,"column":28},"end":{"line":11,"column":29}},"loc":{"start":{"line":11,"column":34},"end":{"line":11,"column":56}},"line":11}},"branchMap":{"0":{"loc":{"start":{"line":10,"column":7},"end":{"line":16,"column":7}},"type":"cond-expr","locations":[{"start":{"line":11,"column":8},"end":{"line":11,"column":60}},{"start":{"line":13,"column":8},"end":{"line":15,"column":14}}],"line":10}},"s":{"0":0,"1":0,"2":0},"f":{"0":0,"1":0},"b":{"0":[0,0]}},"/home/coder/project/workspace/question_generation_service/solutions/b1d7b228-6ccb-4c0d-9ccb-f335b84f00f6/reactapp/src/reportWebVitals.js":{"path":"/home/coder/project/workspace/question_generation_service/solutions/b1d7b228-6ccb-4c0d-9ccb-f335b84f00f6/reactapp/src/reportWebVitals.js","statementMap":{"0":{"start":{"line":1,"column":24},"end":{"line":11,"column":1}},"1":{"start":{"line":2,"column":2},"end":{"line":10,"column":3}},"2":{"start":{"line":3,"column":4},"end":{"line":9,"column":7}},"3":{"start":{"line":4,"column":6},"end":{"line":4,"column":26}},"4":{"start":{"line":5,"column":6},"end":{"line":5,"column":26}},"5":{"start":{"line":6,"column":6},"end":{"line":6,"column":26}},"6":{"start":{"line":7,"column":6},"end":{"line":7,"column":26}},"7":{"start":{"line":8,"column":6},"end":{"line":8,"column":27}}},"fnMap":{"0":{"name":"(anonymous_0)","decl":{"start":{"line":1,"column":24},"end":{"line":1,"column":25}},"loc":{"start":{"line":1,"column":39},"end":{"line":11,"column":1}},"line":1},"1":{"name":"(anonymous_1)","decl":{"start":{"line":3,"column":30},"end":{"line":3,"column":31}},"loc":{"start":{"line":3,"column":79},"end":{"line":9,"column":5}},"line":3}},"branchMap":{"0":{"loc":{"start":{"line":2,"column":2},"end":{"line":10,"column":3}},"type":"if","locations":[{"start":{"line":2,"column":2},"end":{"line":10,"column":3}},{"start":{},"end":{}}],"line":2},"1":{"loc":{"start":{"line":2,"column":6},"end":{"line":2,"column":52}},"type":"binary-expr","locations":[{"start":{"line":2,"column":6},"end":{"line":2,"column":17}},{"start":{"line":2,"column":21},"end":{"line":2,"column":52}}],"line":2}},"s":{"0":0,"1":0,"2":0,"3":0,"4":0,"5":0,"6":0,"7":0},"f":{"0":0,"1":0},"b":{"0":[0,0],"1":[0,0]}},"/home/coder/project/workspace/question_generation_service/solutions/b1d7b228-6ccb-4c0d-9ccb-f335b84f00f6/reactapp/src/utils/api.js":{"path":"/home/coder/project/workspace/question_generation_service/solutions/b1d7b228-6ccb-4c0d-9ccb-f335b84f00f6/reactapp/src/utils/api.js","statementMap":{"0":{"start":{"line":3,"column":14},"end":{"line":7,"column":4}},"1":{"start":{"line":8,"column":2},"end":{"line":8,"column":20}},"2":{"start":{"line":12,"column":14},"end":{"line":12,"column":54}},"3":{"start":{"line":13,"column":2},"end":{"line":13,"column":74}},"4":{"start":{"line":13,"column":35},"end":{"line":13,"column":72}},"5":{"start":{"line":14,"column":14},"end":{"line":14,"column":41}},"6":{"start":{"line":15,"column":2},"end":{"line":15,"column":20}},"7":{"start":{"line":19,"column":14},"end":{"line":23,"column":4}},"8":{"start":{"line":24,"column":2},"end":{"line":24,"column":20}},"9":{"start":{"line":28,"column":14},"end":{"line":32,"column":4}},"10":{"start":{"line":33,"column":2},"end":{"line":33,"column":20}},"11":{"start":{"line":37,"column":2},"end":{"line":37,"column":76}}},"fnMap":{"0":{"name":"loginUser","decl":{"start":{"line":2,"column":22},"end":{"line":2,"column":31}},"loc":{"start":{"line":2,"column":56},"end":{"line":9,"column":1}},"line":2},"1":{"name":"fetchPlayers","decl":{"start":{"line":11,"column":22},"end":{"line":11,"column":34}},"loc":{"start":{"line":11,"column":43},"end":{"line":16,"column":1}},"line":11},"2":{"name":"(anonymous_2)","decl":{"start":{"line":13,"column":30},"end":{"line":13,"column":31}},"loc":{"start":{"line":13,"column":35},"end":{"line":13,"column":72}},"line":13},"3":{"name":"addPlayer","decl":{"start":{"line":18,"column":22},"end":{"line":18,"column":31}},"loc":{"start":{"line":18,"column":40},"end":{"line":25,"column":1}},"line":18},"4":{"name":"updatePlayer","decl":{"start":{"line":27,"column":22},"end":{"line":27,"column":34}},"loc":{"start":{"line":27,"column":47},"end":{"line":34,"column":1}},"line":27},"5":{"name":"deletePlayer","decl":{"start":{"line":36,"column":22},"end":{"line":36,"column":34}},"loc":{"start":{"line":36,"column":39},"end":{"line":38,"column":1}},"line":36}},"branchMap":{},"s":{"0":0,"1":0,"2":0,"3":0,"4":0,"5":0,"6":0,"7":0,"8":0,"9":0,"10":0,"11":0},"f":{"0":0,"1":0,"2":0,"3":0,"4":0,"5":0},"b":{}}}}