-------------------------------------------------------------------------------
Test set: com.examly.springapp.SpringappBookingTests
-------------------------------------------------------------------------------
Tests run: 23, Failures: 1, Errors: 0, Skipped: 0, Time elapsed: 3.997 s <<< FAILURE! - in com.examly.springapp.SpringappBookingTests
com.examly.springapp.SpringappBookingTests.DeleteBookingReturns200  Time elapsed: 0.019 s  <<< FAILURE!
java.lang.AssertionError: Response content expected:<Booking deleted successfully!> but was:<Booking deleted successfully with ID: 1>
	at com.examly.springapp.SpringappBookingTests.DeleteBookingReturns200(PlayerManagementApplicationTest.java:109)

