{"total": {"lines":{"total":127,"covered":55,"skipped":0,"pct":43.3},"statements":{"total":145,"covered":60,"skipped":0,"pct":41.37},"functions":{"total":46,"covered":17,"skipped":0,"pct":36.95},"branches":{"total":74,"covered":21,"skipped":0,"pct":28.37},"branchesTrue":{"total":0,"covered":0,"skipped":0,"pct":100}}
,"/home/coder/project/workspace/question_generation_service/solutions/b1d7b228-6ccb-4c0d-9ccb-f335b84f00f6/reactapp/src/App.js": {"lines":{"total":3,"covered":0,"skipped":0,"pct":0},"functions":{"total":2,"covered":0,"skipped":0,"pct":0},"statements":{"total":3,"covered":0,"skipped":0,"pct":0},"branches":{"total":2,"covered":0,"skipped":0,"pct":0}}
,"/home/coder/project/workspace/question_generation_service/solutions/b1d7b228-6ccb-4c0d-9ccb-f335b84f00f6/reactapp/src/index.js": {"lines":{"total":3,"covered":0,"skipped":0,"pct":0},"functions":{"total":0,"covered":0,"skipped":0,"pct":100},"statements":{"total":3,"covered":0,"skipped":0,"pct":0},"branches":{"total":0,"covered":0,"skipped":0,"pct":100}}
,"/home/coder/project/workspace/question_generation_service/solutions/b1d7b228-6ccb-4c0d-9ccb-f335b84f00f6/reactapp/src/reportWebVitals.js": {"lines":{"total":8,"covered":0,"skipped":0,"pct":0},"functions":{"total":2,"covered":0,"skipped":0,"pct":0},"statements":{"total":8,"covered":0,"skipped":0,"pct":0},"branches":{"total":4,"covered":0,"skipped":0,"pct":0}}
,"/home/coder/project/workspace/question_generation_service/solutions/b1d7b228-6ccb-4c0d-9ccb-f335b84f00f6/reactapp/src/components/LoginForm.js": {"lines":{"total":23,"covered":18,"skipped":0,"pct":78.26},"functions":{"total":4,"covered":4,"skipped":0,"pct":100},"statements":{"total":23,"covered":18,"skipped":0,"pct":78.26},"branches":{"total":10,"covered":6,"skipped":0,"pct":60}}
,"/home/coder/project/workspace/question_generation_service/solutions/b1d7b228-6ccb-4c0d-9ccb-f335b84f00f6/reactapp/src/components/PlayerTable.js": {"lines":{"total":78,"covered":37,"skipped":0,"pct":47.43},"functions":{"total":32,"covered":13,"skipped":0,"pct":40.62},"statements":{"total":95,"covered":42,"skipped":0,"pct":44.21},"branches":{"total":58,"covered":15,"skipped":0,"pct":25.86}}
,"/home/coder/project/workspace/question_generation_service/solutions/b1d7b228-6ccb-4c0d-9ccb-f335b84f00f6/reactapp/src/utils/api.js": {"lines":{"total":11,"covered":0,"skipped":0,"pct":0},"functions":{"total":6,"covered":0,"skipped":0,"pct":0},"statements":{"total":12,"covered":0,"skipped":0,"pct":0},"branches":{"total":0,"covered":0,"skipped":0,"pct":100}}
,"/home/coder/project/workspace/question_generation_service/solutions/b1d7b228-6ccb-4c0d-9ccb-f335b84f00f6/reactapp/src/utils/constants.js": {"lines":{"total":1,"covered":0,"skipped":0,"pct":0},"functions":{"total":0,"covered":0,"skipped":0,"pct":100},"statements":{"total":1,"covered":0,"skipped":0,"pct":0},"branches":{"total":0,"covered":0,"skipped":0,"pct":100}}
}
